<?xml version="1.0" encoding="UTF-8"?>
<testng-results ignored="0" total="94" passed="92" failed="2" skipped="0">
  <reporter-output>
  </reporter-output>
  <suite started-at="2025-04-15T09:19:20 CDT" name="Default suite" finished-at="2025-04-15T09:20:42 CDT" duration-ms="81916">
    <groups>
      <group name="cucumber">
        <method signature="AbstractTestNGCucumberTests.runScenario(io.cucumber.testng.PickleWrapper,io.cucumber.testng.FeatureWrapper)[pri:0, instance:dsAlgo_Runner.TestRunner@51dcb805]" name="runScenario" class="io.cucumber.testng.AbstractTestNGCucumberTests"/>
      </group> <!-- cucumber -->
    </groups>
    <test started-at="2025-04-15T09:19:20 CDT" name="Default test" finished-at="2025-04-15T09:20:42 CDT" duration-ms="81916">
      <class name="dsAlgo_Runner.TestRunner">
        <test-method is-config="true" signature="defineBrowser(java.lang.String)[pri:0, instance:dsAlgo_Runner.TestRunner@51dcb805]" started-at="2025-04-15T09:19:20 CDT" name="defineBrowser" finished-at="2025-04-15T09:19:23 CDT" duration-ms="2559" status="PASS">
          <params>
            <param index="0">
              <value>
                <![CDATA[chrome]]>
              </value>
            </param>
          </params>
          <reporter-output>
          </reporter-output>
        </test-method> <!-- defineBrowser -->
        <test-method is-config="true" signature="setUpClass(org.testng.ITestContext)[pri:0, instance:dsAlgo_Runner.TestRunner@51dcb805]" started-at="2025-04-15T09:19:23 CDT" name="setUpClass" finished-at="2025-04-15T09:19:24 CDT" duration-ms="905" status="PASS">
          <params>
            <param index="0">
              <value>
                <![CDATA[org.testng.TestRunner@77732366]]>
              </value>
            </param>
          </params>
          <reporter-output>
          </reporter-output>
        </test-method> <!-- setUpClass -->
        <test-method signature="runScenario(io.cucumber.testng.PickleWrapper,io.cucumber.testng.FeatureWrapper)[pri:0, instance:dsAlgo_Runner.TestRunner@51dcb805]" started-at="2025-04-15T09:19:24 CDT" name="runScenario" description="Runs Cucumber Scenarios" data-provider="scenarios" finished-at="2025-04-15T09:19:24 CDT" duration-ms="739" status="PASS">
          <params>
            <param index="0">
              <value>
                <![CDATA["Verify that user is able to open the dsAlgo Portal"]]>
              </value>
            </param>
            <param index="1">
              <value>
                <![CDATA["TC01 - TC16 - Verify user access to the dsAlgo portal"]]>
              </value>
            </param>
          </params>
          <reporter-output>
          </reporter-output>
        </test-method> <!-- runScenario -->
        <test-method signature="runScenario(io.cucumber.testng.PickleWrapper,io.cucumber.testng.FeatureWrapper)[pri:0, instance:dsAlgo_Runner.TestRunner@51dcb805]" started-at="2025-04-15T09:19:24 CDT" name="runScenario" description="Runs Cucumber Scenarios" data-provider="scenarios" finished-at="2025-04-15T09:19:25 CDT" duration-ms="692" status="PASS">
          <params>
            <param index="0">
              <value>
                <![CDATA["Verify the Home page for an user without Sign in"]]>
              </value>
            </param>
            <param index="1">
              <value>
                <![CDATA["TC01 - TC16 - Verify user access to the dsAlgo portal"]]>
              </value>
            </param>
          </params>
          <reporter-output>
          </reporter-output>
        </test-method> <!-- runScenario -->
        <test-method signature="runScenario(io.cucumber.testng.PickleWrapper,io.cucumber.testng.FeatureWrapper)[pri:0, instance:dsAlgo_Runner.TestRunner@51dcb805]" started-at="2025-04-15T09:19:25 CDT" name="runScenario" description="Runs Cucumber Scenarios" data-provider="scenarios" finished-at="2025-04-15T09:19:25 CDT" duration-ms="264" status="PASS">
          <params>
            <param index="0">
              <value>
                <![CDATA["Verify that user is able to view options for "Data Structures" dropdown on home page without Sign in"]]>
              </value>
            </param>
            <param index="1">
              <value>
                <![CDATA["TC01 - TC16 - Verify user access to the dsAlgo portal"]]>
              </value>
            </param>
          </params>
          <reporter-output>
          </reporter-output>
        </test-method> <!-- runScenario -->
        <test-method signature="runScenario(io.cucumber.testng.PickleWrapper,io.cucumber.testng.FeatureWrapper)[pri:0, instance:dsAlgo_Runner.TestRunner@51dcb805]" started-at="2025-04-15T09:19:25 CDT" name="runScenario" description="Runs Cucumber Scenarios" data-provider="scenarios" finished-at="2025-04-15T09:19:26 CDT" duration-ms="453" status="PASS">
          <params>
            <param index="0">
              <value>
                <![CDATA["Verify that user able to see warning message while selecting "Arrays" from the drop down without Sign in."]]>
              </value>
            </param>
            <param index="1">
              <value>
                <![CDATA["TC01 - TC16 - Verify user access to the dsAlgo portal"]]>
              </value>
            </param>
          </params>
          <reporter-output>
          </reporter-output>
        </test-method> <!-- runScenario -->
        <test-method signature="runScenario(io.cucumber.testng.PickleWrapper,io.cucumber.testng.FeatureWrapper)[pri:0, instance:dsAlgo_Runner.TestRunner@51dcb805]" started-at="2025-04-15T09:19:26 CDT" name="runScenario" description="Runs Cucumber Scenarios" data-provider="scenarios" finished-at="2025-04-15T09:19:26 CDT" duration-ms="86" status="PASS">
          <params>
            <param index="0">
              <value>
                <![CDATA["Verify that user able to see warning message while selecting "Linked List" from the drop down without Sign in."]]>
              </value>
            </param>
            <param index="1">
              <value>
                <![CDATA["TC01 - TC16 - Verify user access to the dsAlgo portal"]]>
              </value>
            </param>
          </params>
          <reporter-output>
          </reporter-output>
        </test-method> <!-- runScenario -->
        <test-method signature="runScenario(io.cucumber.testng.PickleWrapper,io.cucumber.testng.FeatureWrapper)[pri:0, instance:dsAlgo_Runner.TestRunner@51dcb805]" started-at="2025-04-15T09:19:26 CDT" name="runScenario" description="Runs Cucumber Scenarios" data-provider="scenarios" finished-at="2025-04-15T09:19:26 CDT" duration-ms="67" status="PASS">
          <params>
            <param index="0">
              <value>
                <![CDATA["Verify that user able to see warning message while selecting "Stack" from the drop down without Sign in."]]>
              </value>
            </param>
            <param index="1">
              <value>
                <![CDATA["TC01 - TC16 - Verify user access to the dsAlgo portal"]]>
              </value>
            </param>
          </params>
          <reporter-output>
          </reporter-output>
        </test-method> <!-- runScenario -->
        <test-method signature="runScenario(io.cucumber.testng.PickleWrapper,io.cucumber.testng.FeatureWrapper)[pri:0, instance:dsAlgo_Runner.TestRunner@51dcb805]" started-at="2025-04-15T09:19:26 CDT" name="runScenario" description="Runs Cucumber Scenarios" data-provider="scenarios" finished-at="2025-04-15T09:19:26 CDT" duration-ms="63" status="PASS">
          <params>
            <param index="0">
              <value>
                <![CDATA["Verify that user able to see warning message while selecting "Queue" from the drop down without Sign in."]]>
              </value>
            </param>
            <param index="1">
              <value>
                <![CDATA["TC01 - TC16 - Verify user access to the dsAlgo portal"]]>
              </value>
            </param>
          </params>
          <reporter-output>
          </reporter-output>
        </test-method> <!-- runScenario -->
        <test-method signature="runScenario(io.cucumber.testng.PickleWrapper,io.cucumber.testng.FeatureWrapper)[pri:0, instance:dsAlgo_Runner.TestRunner@51dcb805]" started-at="2025-04-15T09:19:26 CDT" name="runScenario" description="Runs Cucumber Scenarios" data-provider="scenarios" finished-at="2025-04-15T09:19:26 CDT" duration-ms="51" status="PASS">
          <params>
            <param index="0">
              <value>
                <![CDATA["Verify that user able to see warning message while selecting "Tree" from the drop down without Sign in."]]>
              </value>
            </param>
            <param index="1">
              <value>
                <![CDATA["TC01 - TC16 - Verify user access to the dsAlgo portal"]]>
              </value>
            </param>
          </params>
          <reporter-output>
          </reporter-output>
        </test-method> <!-- runScenario -->
        <test-method signature="runScenario(io.cucumber.testng.PickleWrapper,io.cucumber.testng.FeatureWrapper)[pri:0, instance:dsAlgo_Runner.TestRunner@51dcb805]" started-at="2025-04-15T09:19:26 CDT" name="runScenario" description="Runs Cucumber Scenarios" data-provider="scenarios" finished-at="2025-04-15T09:19:26 CDT" duration-ms="56" status="PASS">
          <params>
            <param index="0">
              <value>
                <![CDATA["Verify that user able to see warning message on clicking "Get Started" buttons of "Data Structures-Introduction" on the home page without Sign in"]]>
              </value>
            </param>
            <param index="1">
              <value>
                <![CDATA["TC01 - TC16 - Verify user access to the dsAlgo portal"]]>
              </value>
            </param>
          </params>
          <reporter-output>
          </reporter-output>
        </test-method> <!-- runScenario -->
        <test-method signature="runScenario(io.cucumber.testng.PickleWrapper,io.cucumber.testng.FeatureWrapper)[pri:0, instance:dsAlgo_Runner.TestRunner@51dcb805]" started-at="2025-04-15T09:19:26 CDT" name="runScenario" description="Runs Cucumber Scenarios" data-provider="scenarios" finished-at="2025-04-15T09:19:26 CDT" duration-ms="48" status="PASS">
          <params>
            <param index="0">
              <value>
                <![CDATA["Verify that user able to see warning message on clicking "Get Started" buttons of "Array" on the home page without Sign in"]]>
              </value>
            </param>
            <param index="1">
              <value>
                <![CDATA["TC01 - TC16 - Verify user access to the dsAlgo portal"]]>
              </value>
            </param>
          </params>
          <reporter-output>
          </reporter-output>
        </test-method> <!-- runScenario -->
        <test-method signature="runScenario(io.cucumber.testng.PickleWrapper,io.cucumber.testng.FeatureWrapper)[pri:0, instance:dsAlgo_Runner.TestRunner@51dcb805]" started-at="2025-04-15T09:19:26 CDT" name="runScenario" description="Runs Cucumber Scenarios" data-provider="scenarios" finished-at="2025-04-15T09:19:26 CDT" duration-ms="52" status="PASS">
          <params>
            <param index="0">
              <value>
                <![CDATA["Verify that user able to see warning message on clicking "Get Started" buttons of "Linked List" on the home page without Sign in"]]>
              </value>
            </param>
            <param index="1">
              <value>
                <![CDATA["TC01 - TC16 - Verify user access to the dsAlgo portal"]]>
              </value>
            </param>
          </params>
          <reporter-output>
          </reporter-output>
        </test-method> <!-- runScenario -->
        <test-method signature="runScenario(io.cucumber.testng.PickleWrapper,io.cucumber.testng.FeatureWrapper)[pri:0, instance:dsAlgo_Runner.TestRunner@51dcb805]" started-at="2025-04-15T09:19:26 CDT" name="runScenario" description="Runs Cucumber Scenarios" data-provider="scenarios" finished-at="2025-04-15T09:19:26 CDT" duration-ms="48" status="PASS">
          <params>
            <param index="0">
              <value>
                <![CDATA["Verify that user able to see warning message on clicking "Get Started" buttons of "Stack" on the home page without Sign in"]]>
              </value>
            </param>
            <param index="1">
              <value>
                <![CDATA["TC01 - TC16 - Verify user access to the dsAlgo portal"]]>
              </value>
            </param>
          </params>
          <reporter-output>
          </reporter-output>
        </test-method> <!-- runScenario -->
        <test-method signature="runScenario(io.cucumber.testng.PickleWrapper,io.cucumber.testng.FeatureWrapper)[pri:0, instance:dsAlgo_Runner.TestRunner@51dcb805]" started-at="2025-04-15T09:19:26 CDT" name="runScenario" description="Runs Cucumber Scenarios" data-provider="scenarios" finished-at="2025-04-15T09:19:26 CDT" duration-ms="52" status="PASS">
          <params>
            <param index="0">
              <value>
                <![CDATA["Verify that user able to see warning message on clicking "Get Started" buttons of "Queue" on the home page without Sign in"]]>
              </value>
            </param>
            <param index="1">
              <value>
                <![CDATA["TC01 - TC16 - Verify user access to the dsAlgo portal"]]>
              </value>
            </param>
          </params>
          <reporter-output>
          </reporter-output>
        </test-method> <!-- runScenario -->
        <test-method signature="runScenario(io.cucumber.testng.PickleWrapper,io.cucumber.testng.FeatureWrapper)[pri:0, instance:dsAlgo_Runner.TestRunner@51dcb805]" started-at="2025-04-15T09:19:26 CDT" name="runScenario" description="Runs Cucumber Scenarios" data-provider="scenarios" finished-at="2025-04-15T09:19:26 CDT" duration-ms="46" status="PASS">
          <params>
            <param index="0">
              <value>
                <![CDATA["Verify that user able to see warning message on clicking "Get Started" buttons of "Tree" on the home page without Sign in"]]>
              </value>
            </param>
            <param index="1">
              <value>
                <![CDATA["TC01 - TC16 - Verify user access to the dsAlgo portal"]]>
              </value>
            </param>
          </params>
          <reporter-output>
          </reporter-output>
        </test-method> <!-- runScenario -->
        <test-method signature="runScenario(io.cucumber.testng.PickleWrapper,io.cucumber.testng.FeatureWrapper)[pri:0, instance:dsAlgo_Runner.TestRunner@51dcb805]" started-at="2025-04-15T09:19:26 CDT" name="runScenario" description="Runs Cucumber Scenarios" data-provider="scenarios" finished-at="2025-04-15T09:19:27 CDT" duration-ms="41" status="PASS">
          <params>
            <param index="0">
              <value>
                <![CDATA["Verify that user able to see warning message on clicking "Get Started" buttons of "Graph" on the home page without Sign in"]]>
              </value>
            </param>
            <param index="1">
              <value>
                <![CDATA["TC01 - TC16 - Verify user access to the dsAlgo portal"]]>
              </value>
            </param>
          </params>
          <reporter-output>
          </reporter-output>
        </test-method> <!-- runScenario -->
        <test-method signature="runScenario(io.cucumber.testng.PickleWrapper,io.cucumber.testng.FeatureWrapper)[pri:0, instance:dsAlgo_Runner.TestRunner@51dcb805]" started-at="2025-04-15T09:19:27 CDT" name="runScenario" description="Runs Cucumber Scenarios" data-provider="scenarios" finished-at="2025-04-15T09:19:27 CDT" duration-ms="275" status="PASS">
          <params>
            <param index="0">
              <value>
                <![CDATA["Verify that user is able to land on Register Page"]]>
              </value>
            </param>
            <param index="1">
              <value>
                <![CDATA["Testing whether user is able to Registered into dsAlgo portal"]]>
              </value>
            </param>
          </params>
          <reporter-output>
          </reporter-output>
        </test-method> <!-- runScenario -->
        <test-method signature="runScenario(io.cucumber.testng.PickleWrapper,io.cucumber.testng.FeatureWrapper)[pri:0, instance:dsAlgo_Runner.TestRunner@51dcb805]" started-at="2025-04-15T09:19:27 CDT" name="runScenario" description="Runs Cucumber Scenarios" data-provider="scenarios" finished-at="2025-04-15T09:19:27 CDT" duration-ms="168" status="PASS">
          <params>
            <param index="0">
              <value>
                <![CDATA["Verify that user receives error message for all empty fields during registration"]]>
              </value>
            </param>
            <param index="1">
              <value>
                <![CDATA["Testing whether user is able to Registered into dsAlgo portal"]]>
              </value>
            </param>
          </params>
          <reporter-output>
          </reporter-output>
        </test-method> <!-- runScenario -->
        <test-method signature="runScenario(io.cucumber.testng.PickleWrapper,io.cucumber.testng.FeatureWrapper)[pri:0, instance:dsAlgo_Runner.TestRunner@51dcb805]" started-at="2025-04-15T09:19:27 CDT" name="runScenario" description="Runs Cucumber Scenarios" data-provider="scenarios" finished-at="2025-04-15T09:19:29 CDT" duration-ms="2256" status="PASS">
          <params>
            <param index="0">
              <value>
                <![CDATA["Verify that user receives error message for empty Password field during registration"]]>
              </value>
            </param>
            <param index="1">
              <value>
                <![CDATA["Testing whether user is able to Registered into dsAlgo portal"]]>
              </value>
            </param>
          </params>
          <reporter-output>
          </reporter-output>
        </test-method> <!-- runScenario -->
        <test-method signature="runScenario(io.cucumber.testng.PickleWrapper,io.cucumber.testng.FeatureWrapper)[pri:0, instance:dsAlgo_Runner.TestRunner@51dcb805]" started-at="2025-04-15T09:19:29 CDT" name="runScenario" description="Runs Cucumber Scenarios" data-provider="scenarios" finished-at="2025-04-15T09:19:30 CDT" duration-ms="572" status="PASS">
          <params>
            <param index="0">
              <value>
                <![CDATA["Verify that user receives error message for empty Password Confirmation field during registration"]]>
              </value>
            </param>
            <param index="1">
              <value>
                <![CDATA["Testing whether user is able to Registered into dsAlgo portal"]]>
              </value>
            </param>
          </params>
          <reporter-output>
          </reporter-output>
        </test-method> <!-- runScenario -->
        <test-method signature="runScenario(io.cucumber.testng.PickleWrapper,io.cucumber.testng.FeatureWrapper)[pri:0, instance:dsAlgo_Runner.TestRunner@51dcb805]" started-at="2025-04-15T09:19:30 CDT" name="runScenario" description="Runs Cucumber Scenarios" data-provider="scenarios" finished-at="2025-04-15T09:19:32 CDT" duration-ms="1972" status="FAIL">
          <params>
            <param index="0">
              <value>
                <![CDATA["Verify that user receives error message for invalid username field during registration"]]>
              </value>
            </param>
            <param index="1">
              <value>
                <![CDATA["Testing whether user is able to Registered into dsAlgo portal"]]>
              </value>
            </param>
          </params>
          <exception class="java.lang.AssertionError">
            <message>
              <![CDATA[expected [Invalid username] but found [password_mismatch:The two password fields didn’t match.]]]>
            </message>
            <full-stacktrace>
              <![CDATA[java.lang.AssertionError: expected [Invalid username] but found [password_mismatch:The two password fields didn’t match.]
at org.testng.Assert.fail(Assert.java:111)
at org.testng.Assert.failNotEquals(Assert.java:1590)
at org.testng.Assert.assertEqualsImpl(Assert.java:150)
at org.testng.Assert.assertEquals(Assert.java:132)
at org.testng.Assert.assertEquals(Assert.java:656)
at org.testng.Assert.assertEquals(Assert.java:666)
at org.testng.asserts.Assertion$11.doAssert(Assertion.java:186)
at org.testng.asserts.Assertion.executeAssert(Assertion.java:25)
at org.testng.asserts.Assertion.doAssert(Assertion.java:12)
at org.testng.asserts.Assertion.assertEquals(Assertion.java:182)
at dsAlgo_stepDefinition.Register_SD.the_user_is_not_able_to_see_error_msg_after_entering_invalid_data(Register_SD.java:107)
at ✽.The user is not able to see error msg after entering invalid data(file:///C:/DSALgo_ProjectCompass_BDD/src/test/resources/dsAlgo_FeatureFiles/MD02_Register.feature:37)
]]>
            </full-stacktrace>
          </exception> <!-- java.lang.AssertionError -->
          <reporter-output>
          </reporter-output>
        </test-method> <!-- runScenario -->
        <test-method signature="runScenario(io.cucumber.testng.PickleWrapper,io.cucumber.testng.FeatureWrapper)[pri:0, instance:dsAlgo_Runner.TestRunner@51dcb805]" started-at="2025-04-15T09:19:32 CDT" name="runScenario" description="Runs Cucumber Scenarios" data-provider="scenarios" finished-at="2025-04-15T09:19:33 CDT" duration-ms="1582" status="FAIL">
          <params>
            <param index="0">
              <value>
                <![CDATA["Verify that user receives error message for invalid password field during registration"]]>
              </value>
            </param>
            <param index="1">
              <value>
                <![CDATA["Testing whether user is able to Registered into dsAlgo portal"]]>
              </value>
            </param>
          </params>
          <exception class="java.lang.AssertionError">
            <message>
              <![CDATA[expected [Invalid password] but found [password_mismatch:The two password fields didn’t match.]]]>
            </message>
            <full-stacktrace>
              <![CDATA[java.lang.AssertionError: expected [Invalid password] but found [password_mismatch:The two password fields didn’t match.]
at org.testng.Assert.fail(Assert.java:111)
at org.testng.Assert.failNotEquals(Assert.java:1590)
at org.testng.Assert.assertEqualsImpl(Assert.java:150)
at org.testng.Assert.assertEquals(Assert.java:132)
at org.testng.Assert.assertEquals(Assert.java:656)
at org.testng.Assert.assertEquals(Assert.java:666)
at org.testng.asserts.Assertion$11.doAssert(Assertion.java:186)
at org.testng.asserts.Assertion.executeAssert(Assertion.java:25)
at org.testng.asserts.Assertion.doAssert(Assertion.java:12)
at org.testng.asserts.Assertion.assertEquals(Assertion.java:182)
at dsAlgo_stepDefinition.Register_SD.the_user_is_not_able_to_see_error_msg_after_entering_invalid_password(Register_SD.java:127)
at ✽.The user is not able to see error msg after entering invalid password(file:///C:/DSALgo_ProjectCompass_BDD/src/test/resources/dsAlgo_FeatureFiles/MD02_Register.feature:44)
]]>
            </full-stacktrace>
          </exception> <!-- java.lang.AssertionError -->
          <reporter-output>
          </reporter-output>
        </test-method> <!-- runScenario -->
        <test-method signature="runScenario(io.cucumber.testng.PickleWrapper,io.cucumber.testng.FeatureWrapper)[pri:0, instance:dsAlgo_Runner.TestRunner@51dcb805]" started-at="2025-04-15T09:19:33 CDT" name="runScenario" description="Runs Cucumber Scenarios" data-provider="scenarios" finished-at="2025-04-15T09:19:34 CDT" duration-ms="918" status="PASS">
          <params>
            <param index="0">
              <value>
                <![CDATA["Verify that user receives error message for mismatched Password and Password Confirmation field during registration"]]>
              </value>
            </param>
            <param index="1">
              <value>
                <![CDATA["Testing whether user is able to Registered into dsAlgo portal"]]>
              </value>
            </param>
          </params>
          <reporter-output>
          </reporter-output>
        </test-method> <!-- runScenario -->
        <test-method signature="runScenario(io.cucumber.testng.PickleWrapper,io.cucumber.testng.FeatureWrapper)[pri:0, instance:dsAlgo_Runner.TestRunner@51dcb805]" started-at="2025-04-15T09:19:34 CDT" name="runScenario" description="Runs Cucumber Scenarios" data-provider="scenarios" finished-at="2025-04-15T09:19:37 CDT" duration-ms="2666" status="PASS">
          <params>
            <param index="0">
              <value>
                <![CDATA["Verify that user is able to land on Homepage after registration with valid fields"]]>
              </value>
            </param>
            <param index="1">
              <value>
                <![CDATA["Testing whether user is able to Registered into dsAlgo portal"]]>
              </value>
            </param>
          </params>
          <reporter-output>
          </reporter-output>
        </test-method> <!-- runScenario -->
        <test-method signature="runScenario(io.cucumber.testng.PickleWrapper,io.cucumber.testng.FeatureWrapper)[pri:0, instance:dsAlgo_Runner.TestRunner@51dcb805]" started-at="2025-04-15T09:19:37 CDT" name="runScenario" description="Runs Cucumber Scenarios" data-provider="scenarios" finished-at="2025-04-15T09:19:38 CDT" duration-ms="628" status="PASS">
          <params>
            <param index="0">
              <value>
                <![CDATA["Verify that user is able to land in login page"]]>
              </value>
            </param>
            <param index="1">
              <value>
                <![CDATA["Testing whether user is able to Registered into dsAlgo portal"]]>
              </value>
            </param>
          </params>
          <reporter-output>
          </reporter-output>
        </test-method> <!-- runScenario -->
        <test-method signature="runScenario(io.cucumber.testng.PickleWrapper,io.cucumber.testng.FeatureWrapper)[pri:0, instance:dsAlgo_Runner.TestRunner@51dcb805]" started-at="2025-04-15T09:19:38 CDT" name="runScenario" description="Runs Cucumber Scenarios" data-provider="scenarios" finished-at="2025-04-15T09:19:38 CDT" duration-ms="443" status="PASS">
          <params>
            <param index="0">
              <value>
                <![CDATA["Verify that user is able to land on Login Page"]]>
              </value>
            </param>
            <param index="1">
              <value>
                <![CDATA["Testing whether user is able to login and perform actions"]]>
              </value>
            </param>
          </params>
          <reporter-output>
          </reporter-output>
        </test-method> <!-- runScenario -->
        <test-method signature="runScenario(io.cucumber.testng.PickleWrapper,io.cucumber.testng.FeatureWrapper)[pri:0, instance:dsAlgo_Runner.TestRunner@51dcb805]" started-at="2025-04-15T09:19:38 CDT" name="runScenario" description="Runs Cucumber Scenarios" data-provider="scenarios" finished-at="2025-04-15T09:19:38 CDT" duration-ms="318" status="PASS">
          <params>
            <param index="0">
              <value>
                <![CDATA["Verify that user receives error message for all empty fields during Login"]]>
              </value>
            </param>
            <param index="1">
              <value>
                <![CDATA["Testing whether user is able to login and perform actions"]]>
              </value>
            </param>
          </params>
          <reporter-output>
          </reporter-output>
        </test-method> <!-- runScenario -->
        <test-method signature="runScenario(io.cucumber.testng.PickleWrapper,io.cucumber.testng.FeatureWrapper)[pri:0, instance:dsAlgo_Runner.TestRunner@51dcb805]" started-at="2025-04-15T09:19:38 CDT" name="runScenario" description="Runs Cucumber Scenarios" data-provider="scenarios" finished-at="2025-04-15T09:19:39 CDT" duration-ms="682" status="PASS">
          <params>
            <param index="0">
              <value>
                <![CDATA["Verify that user receives error message for empty Password field during Login"]]>
              </value>
            </param>
            <param index="1">
              <value>
                <![CDATA["Testing whether user is able to login and perform actions"]]>
              </value>
            </param>
          </params>
          <reporter-output>
          </reporter-output>
        </test-method> <!-- runScenario -->
        <test-method signature="runScenario(io.cucumber.testng.PickleWrapper,io.cucumber.testng.FeatureWrapper)[pri:0, instance:dsAlgo_Runner.TestRunner@51dcb805]" started-at="2025-04-15T09:19:39 CDT" name="runScenario" description="Runs Cucumber Scenarios" data-provider="scenarios" finished-at="2025-04-15T09:19:40 CDT" duration-ms="583" status="PASS">
          <params>
            <param index="0">
              <value>
                <![CDATA["Verify that user receives error message for empty Username field during Login"]]>
              </value>
            </param>
            <param index="1">
              <value>
                <![CDATA["Testing whether user is able to login and perform actions"]]>
              </value>
            </param>
          </params>
          <reporter-output>
          </reporter-output>
        </test-method> <!-- runScenario -->
        <test-method signature="runScenario(io.cucumber.testng.PickleWrapper,io.cucumber.testng.FeatureWrapper)[pri:0, instance:dsAlgo_Runner.TestRunner@51dcb805]" started-at="2025-04-15T09:19:40 CDT" name="runScenario" description="Runs Cucumber Scenarios" data-provider="scenarios" finished-at="2025-04-15T09:19:41 CDT" duration-ms="964" status="PASS">
          <params>
            <param index="0">
              <value>
                <![CDATA["Verify that user receives error message for invalid Username field during Login"]]>
              </value>
            </param>
            <param index="1">
              <value>
                <![CDATA["Testing whether user is able to login and perform actions"]]>
              </value>
            </param>
          </params>
          <reporter-output>
          </reporter-output>
        </test-method> <!-- runScenario -->
        <test-method signature="runScenario(io.cucumber.testng.PickleWrapper,io.cucumber.testng.FeatureWrapper)[pri:0, instance:dsAlgo_Runner.TestRunner@51dcb805]" started-at="2025-04-15T09:19:41 CDT" name="runScenario" description="Runs Cucumber Scenarios" data-provider="scenarios" finished-at="2025-04-15T09:19:42 CDT" duration-ms="1225" status="PASS">
          <params>
            <param index="0">
              <value>
                <![CDATA["Verify that user able to land on Home page after entering valid Username and Password fields"]]>
              </value>
            </param>
            <param index="1">
              <value>
                <![CDATA["Testing whether user is able to login and perform actions"]]>
              </value>
            </param>
          </params>
          <reporter-output>
          </reporter-output>
        </test-method> <!-- runScenario -->
        <test-method signature="runScenario(io.cucumber.testng.PickleWrapper,io.cucumber.testng.FeatureWrapper)[pri:0, instance:dsAlgo_Runner.TestRunner@51dcb805]" started-at="2025-04-15T09:19:42 CDT" name="runScenario" description="Runs Cucumber Scenarios" data-provider="scenarios" finished-at="2025-04-15T09:19:42 CDT" duration-ms="56" status="PASS">
          <params>
            <param index="0">
              <value>
                <![CDATA["Verify that user able to sign out successfully"]]>
              </value>
            </param>
            <param index="1">
              <value>
                <![CDATA["Testing whether user is able to login and perform actions"]]>
              </value>
            </param>
          </params>
          <reporter-output>
          </reporter-output>
        </test-method> <!-- runScenario -->
        <test-method signature="runScenario(io.cucumber.testng.PickleWrapper,io.cucumber.testng.FeatureWrapper)[pri:0, instance:dsAlgo_Runner.TestRunner@51dcb805]" started-at="2025-04-15T09:19:42 CDT" name="runScenario" description="Runs Cucumber Scenarios" data-provider="scenarios" finished-at="2025-04-15T09:19:43 CDT" duration-ms="637" status="PASS">
          <params>
            <param index="0">
              <value>
                <![CDATA["Verify that user is able to navigate to "Data Structures - Introduction" page"]]>
              </value>
            </param>
            <param index="1">
              <value>
                <![CDATA["Testing whether the user is navigating to DataStructures Page and perform actions"]]>
              </value>
            </param>
          </params>
          <reporter-output>
          </reporter-output>
        </test-method> <!-- runScenario -->
        <test-method signature="runScenario(io.cucumber.testng.PickleWrapper,io.cucumber.testng.FeatureWrapper)[pri:0, instance:dsAlgo_Runner.TestRunner@51dcb805]" started-at="2025-04-15T09:19:43 CDT" name="runScenario" description="Runs Cucumber Scenarios" data-provider="scenarios" finished-at="2025-04-15T09:19:43 CDT" duration-ms="494" status="PASS">
          <params>
            <param index="0">
              <value>
                <![CDATA["Verify that user is able to navigate to "Time Complexity" time complexity page"]]>
              </value>
            </param>
            <param index="1">
              <value>
                <![CDATA["Testing whether the user is navigating to DataStructures Page and perform actions"]]>
              </value>
            </param>
          </params>
          <reporter-output>
          </reporter-output>
        </test-method> <!-- runScenario -->
        <test-method signature="runScenario(io.cucumber.testng.PickleWrapper,io.cucumber.testng.FeatureWrapper)[pri:0, instance:dsAlgo_Runner.TestRunner@51dcb805]" started-at="2025-04-15T09:19:43 CDT" name="runScenario" description="Runs Cucumber Scenarios" data-provider="scenarios" finished-at="2025-04-15T09:19:44 CDT" duration-ms="526" status="PASS">
          <params>
            <param index="0">
              <value>
                <![CDATA["Verify that user is able to navigate to "Practice Questions" page"]]>
              </value>
            </param>
            <param index="1">
              <value>
                <![CDATA["Testing whether the user is navigating to DataStructures Page and perform actions"]]>
              </value>
            </param>
          </params>
          <reporter-output>
          </reporter-output>
        </test-method> <!-- runScenario -->
        <test-method signature="runScenario(io.cucumber.testng.PickleWrapper,io.cucumber.testng.FeatureWrapper)[pri:0, instance:dsAlgo_Runner.TestRunner@51dcb805]" started-at="2025-04-15T09:19:44 CDT" name="runScenario" description="Runs Cucumber Scenarios" data-provider="scenarios" finished-at="2025-04-15T09:19:45 CDT" duration-ms="1240" status="PASS">
          <params>
            <param index="0">
              <value>
                <![CDATA["Verify that user is able to navigate to "try Editor" try Editor page"]]>
              </value>
            </param>
            <param index="1">
              <value>
                <![CDATA["Testing whether the user is navigating to DataStructures Page and perform actions"]]>
              </value>
            </param>
          </params>
          <reporter-output>
          </reporter-output>
        </test-method> <!-- runScenario -->
        <test-method signature="runScenario(io.cucumber.testng.PickleWrapper,io.cucumber.testng.FeatureWrapper)[pri:0, instance:dsAlgo_Runner.TestRunner@51dcb805]" started-at="2025-04-15T09:19:45 CDT" name="runScenario" description="Runs Cucumber Scenarios" data-provider="scenarios" finished-at="2025-04-15T09:19:45 CDT" duration-ms="235" status="PASS">
          <params>
            <param index="0">
              <value>
                <![CDATA["Verify that user receives error when click on Run button without entering code"]]>
              </value>
            </param>
            <param index="1">
              <value>
                <![CDATA["Testing whether the user is navigating to DataStructures Page and perform actions"]]>
              </value>
            </param>
          </params>
          <reporter-output>
          </reporter-output>
        </test-method> <!-- runScenario -->
        <test-method signature="runScenario(io.cucumber.testng.PickleWrapper,io.cucumber.testng.FeatureWrapper)[pri:0, instance:dsAlgo_Runner.TestRunner@51dcb805]" started-at="2025-04-15T09:19:45 CDT" name="runScenario" description="Runs Cucumber Scenarios" data-provider="scenarios" finished-at="2025-04-15T09:19:46 CDT" duration-ms="991" status="PASS">
          <params>
            <param index="0">
              <value>
                <![CDATA["Verify that user receives error for invalid python code"]]>
              </value>
            </param>
            <param index="1">
              <value>
                <![CDATA["Testing whether the user is navigating to DataStructures Page and perform actions"]]>
              </value>
            </param>
          </params>
          <reporter-output>
          </reporter-output>
        </test-method> <!-- runScenario -->
        <test-method signature="runScenario(io.cucumber.testng.PickleWrapper,io.cucumber.testng.FeatureWrapper)[pri:0, instance:dsAlgo_Runner.TestRunner@51dcb805]" started-at="2025-04-15T09:19:46 CDT" name="runScenario" description="Runs Cucumber Scenarios" data-provider="scenarios" finished-at="2025-04-15T09:19:47 CDT" duration-ms="1226" status="PASS">
          <params>
            <param index="0">
              <value>
                <![CDATA["Verify that user is able to see output for valid python code"]]>
              </value>
            </param>
            <param index="1">
              <value>
                <![CDATA["Testing whether the user is navigating to DataStructures Page and perform actions"]]>
              </value>
            </param>
          </params>
          <reporter-output>
          </reporter-output>
        </test-method> <!-- runScenario -->
        <test-method signature="runScenario(io.cucumber.testng.PickleWrapper,io.cucumber.testng.FeatureWrapper)[pri:0, instance:dsAlgo_Runner.TestRunner@51dcb805]" started-at="2025-04-15T09:19:47 CDT" name="runScenario" description="Runs Cucumber Scenarios" data-provider="scenarios" finished-at="2025-04-15T09:19:48 CDT" duration-ms="630" status="PASS">
          <params>
            <param index="0">
              <value>
                <![CDATA["Verify that user is able to navigate to "Linked List" Data Structure page"]]>
              </value>
            </param>
            <param index="1">
              <value>
                <![CDATA["Testing whether the user is navigating to Linked List Page and perform actions"]]>
              </value>
            </param>
          </params>
          <reporter-output>
          </reporter-output>
        </test-method> <!-- runScenario -->
        <test-method signature="runScenario(io.cucumber.testng.PickleWrapper,io.cucumber.testng.FeatureWrapper)[pri:0, instance:dsAlgo_Runner.TestRunner@51dcb805]" started-at="2025-04-15T09:19:48 CDT" name="runScenario" description="Runs Cucumber Scenarios" data-provider="scenarios" finished-at="2025-04-15T09:19:49 CDT" duration-ms="778" status="PASS">
          <params>
            <param index="0">
              <value>
                <![CDATA["Verify that user is able to navigate to "Introduction" page"]]>
              </value>
            </param>
            <param index="1">
              <value>
                <![CDATA["Testing whether the user is navigating to Linked List Page and perform actions"]]>
              </value>
            </param>
          </params>
          <reporter-output>
          </reporter-output>
        </test-method> <!-- runScenario -->
        <test-method signature="runScenario(io.cucumber.testng.PickleWrapper,io.cucumber.testng.FeatureWrapper)[pri:0, instance:dsAlgo_Runner.TestRunner@51dcb805]" started-at="2025-04-15T09:19:49 CDT" name="runScenario" description="Runs Cucumber Scenarios" data-provider="scenarios" finished-at="2025-04-15T09:19:49 CDT" duration-ms="506" status="PASS">
          <params>
            <param index="0">
              <value>
                <![CDATA["Verify that user is able to navigate to "Practice Questions" page"]]>
              </value>
            </param>
            <param index="1">
              <value>
                <![CDATA["Testing whether the user is navigating to Linked List Page and perform actions"]]>
              </value>
            </param>
          </params>
          <reporter-output>
          </reporter-output>
        </test-method> <!-- runScenario -->
        <test-method signature="runScenario(io.cucumber.testng.PickleWrapper,io.cucumber.testng.FeatureWrapper)[pri:0, instance:dsAlgo_Runner.TestRunner@51dcb805]" started-at="2025-04-15T09:19:49 CDT" name="runScenario" description="Runs Cucumber Scenarios" data-provider="scenarios" finished-at="2025-04-15T09:19:50 CDT" duration-ms="909" status="PASS">
          <params>
            <param index="0">
              <value>
                <![CDATA["Verify that user is able to navigate to "try Editor" page"]]>
              </value>
            </param>
            <param index="1">
              <value>
                <![CDATA["Testing whether the user is navigating to Linked List Page and perform actions"]]>
              </value>
            </param>
          </params>
          <reporter-output>
          </reporter-output>
        </test-method> <!-- runScenario -->
        <test-method signature="runScenario(io.cucumber.testng.PickleWrapper,io.cucumber.testng.FeatureWrapper)[pri:0, instance:dsAlgo_Runner.TestRunner@51dcb805]" started-at="2025-04-15T09:19:50 CDT" name="runScenario" description="Runs Cucumber Scenarios" data-provider="scenarios" finished-at="2025-04-15T09:19:50 CDT" duration-ms="230" status="PASS">
          <params>
            <param index="0">
              <value>
                <![CDATA["Verify that user receives error when click on Run button without entering code"]]>
              </value>
            </param>
            <param index="1">
              <value>
                <![CDATA["Testing whether the user is navigating to Linked List Page and perform actions"]]>
              </value>
            </param>
          </params>
          <reporter-output>
          </reporter-output>
        </test-method> <!-- runScenario -->
        <test-method signature="runScenario(io.cucumber.testng.PickleWrapper,io.cucumber.testng.FeatureWrapper)[pri:0, instance:dsAlgo_Runner.TestRunner@51dcb805]" started-at="2025-04-15T09:19:50 CDT" name="runScenario" description="Runs Cucumber Scenarios" data-provider="scenarios" finished-at="2025-04-15T09:19:51 CDT" duration-ms="1011" status="PASS">
          <params>
            <param index="0">
              <value>
                <![CDATA["Verify that user receives error for invalid python code"]]>
              </value>
            </param>
            <param index="1">
              <value>
                <![CDATA["Testing whether the user is navigating to Linked List Page and perform actions"]]>
              </value>
            </param>
          </params>
          <reporter-output>
          </reporter-output>
        </test-method> <!-- runScenario -->
        <test-method signature="runScenario(io.cucumber.testng.PickleWrapper,io.cucumber.testng.FeatureWrapper)[pri:0, instance:dsAlgo_Runner.TestRunner@51dcb805]" started-at="2025-04-15T09:19:51 CDT" name="runScenario" description="Runs Cucumber Scenarios" data-provider="scenarios" finished-at="2025-04-15T09:19:53 CDT" duration-ms="1439" status="PASS">
          <params>
            <param index="0">
              <value>
                <![CDATA["Verify that user is able to see output for valid python code"]]>
              </value>
            </param>
            <param index="1">
              <value>
                <![CDATA["Testing whether the user is navigating to Linked List Page and perform actions"]]>
              </value>
            </param>
          </params>
          <reporter-output>
          </reporter-output>
        </test-method> <!-- runScenario -->
        <test-method signature="runScenario(io.cucumber.testng.PickleWrapper,io.cucumber.testng.FeatureWrapper)[pri:0, instance:dsAlgo_Runner.TestRunner@51dcb805]" started-at="2025-04-15T09:19:53 CDT" name="runScenario" description="Runs Cucumber Scenarios" data-provider="scenarios" finished-at="2025-04-15T09:19:54 CDT" duration-ms="1088" status="PASS">
          <params>
            <param index="0">
              <value>
                <![CDATA["Verify that user is able to navigate to "creating Linked List" page"]]>
              </value>
            </param>
            <param index="1">
              <value>
                <![CDATA["Testing whether the user is navigating to Linked List Page and perform actions"]]>
              </value>
            </param>
          </params>
          <reporter-output>
          </reporter-output>
        </test-method> <!-- runScenario -->
        <test-method signature="runScenario(io.cucumber.testng.PickleWrapper,io.cucumber.testng.FeatureWrapper)[pri:0, instance:dsAlgo_Runner.TestRunner@51dcb805]" started-at="2025-04-15T09:19:54 CDT" name="runScenario" description="Runs Cucumber Scenarios" data-provider="scenarios" finished-at="2025-04-15T09:19:54 CDT" duration-ms="434" status="PASS">
          <params>
            <param index="0">
              <value>
                <![CDATA["Verify that user is able to navigate to "Practice Questions" page"]]>
              </value>
            </param>
            <param index="1">
              <value>
                <![CDATA["Testing whether the user is navigating to Linked List Page and perform actions"]]>
              </value>
            </param>
          </params>
          <reporter-output>
          </reporter-output>
        </test-method> <!-- runScenario -->
        <test-method signature="runScenario(io.cucumber.testng.PickleWrapper,io.cucumber.testng.FeatureWrapper)[pri:0, instance:dsAlgo_Runner.TestRunner@51dcb805]" started-at="2025-04-15T09:19:54 CDT" name="runScenario" description="Runs Cucumber Scenarios" data-provider="scenarios" finished-at="2025-04-15T09:19:55 CDT" duration-ms="761" status="PASS">
          <params>
            <param index="0">
              <value>
                <![CDATA["Verify that user is able to navigate to "try Editor" page"]]>
              </value>
            </param>
            <param index="1">
              <value>
                <![CDATA["Testing whether the user is navigating to Linked List Page and perform actions"]]>
              </value>
            </param>
          </params>
          <reporter-output>
          </reporter-output>
        </test-method> <!-- runScenario -->
        <test-method signature="runScenario(io.cucumber.testng.PickleWrapper,io.cucumber.testng.FeatureWrapper)[pri:0, instance:dsAlgo_Runner.TestRunner@51dcb805]" started-at="2025-04-15T09:19:55 CDT" name="runScenario" description="Runs Cucumber Scenarios" data-provider="scenarios" finished-at="2025-04-15T09:19:55 CDT" duration-ms="246" status="PASS">
          <params>
            <param index="0">
              <value>
                <![CDATA["Verify that user receives error when click on Run button without entering code"]]>
              </value>
            </param>
            <param index="1">
              <value>
                <![CDATA["Testing whether the user is navigating to Linked List Page and perform actions"]]>
              </value>
            </param>
          </params>
          <reporter-output>
          </reporter-output>
        </test-method> <!-- runScenario -->
        <test-method signature="runScenario(io.cucumber.testng.PickleWrapper,io.cucumber.testng.FeatureWrapper)[pri:0, instance:dsAlgo_Runner.TestRunner@51dcb805]" started-at="2025-04-15T09:19:55 CDT" name="runScenario" description="Runs Cucumber Scenarios" data-provider="scenarios" finished-at="2025-04-15T09:19:56 CDT" duration-ms="894" status="PASS">
          <params>
            <param index="0">
              <value>
                <![CDATA["Verify that user receives error for invalid python code"]]>
              </value>
            </param>
            <param index="1">
              <value>
                <![CDATA["Testing whether the user is navigating to Linked List Page and perform actions"]]>
              </value>
            </param>
          </params>
          <reporter-output>
          </reporter-output>
        </test-method> <!-- runScenario -->
        <test-method signature="runScenario(io.cucumber.testng.PickleWrapper,io.cucumber.testng.FeatureWrapper)[pri:0, instance:dsAlgo_Runner.TestRunner@51dcb805]" started-at="2025-04-15T09:19:56 CDT" name="runScenario" description="Runs Cucumber Scenarios" data-provider="scenarios" finished-at="2025-04-15T09:19:57 CDT" duration-ms="1138" status="PASS">
          <params>
            <param index="0">
              <value>
                <![CDATA["Verify that user is able to see output for valid python code"]]>
              </value>
            </param>
            <param index="1">
              <value>
                <![CDATA["Testing whether the user is navigating to Linked List Page and perform actions"]]>
              </value>
            </param>
          </params>
          <reporter-output>
          </reporter-output>
        </test-method> <!-- runScenario -->
        <test-method signature="runScenario(io.cucumber.testng.PickleWrapper,io.cucumber.testng.FeatureWrapper)[pri:0, instance:dsAlgo_Runner.TestRunner@51dcb805]" started-at="2025-04-15T09:19:57 CDT" name="runScenario" description="Runs Cucumber Scenarios" data-provider="scenarios" finished-at="2025-04-15T09:19:58 CDT" duration-ms="849" status="PASS">
          <params>
            <param index="0">
              <value>
                <![CDATA["Verify that user is able to navigate to "Types of Linked List" page"]]>
              </value>
            </param>
            <param index="1">
              <value>
                <![CDATA["Testing whether the user is navigating to Linked List Page and perform actions"]]>
              </value>
            </param>
          </params>
          <reporter-output>
          </reporter-output>
        </test-method> <!-- runScenario -->
        <test-method signature="runScenario(io.cucumber.testng.PickleWrapper,io.cucumber.testng.FeatureWrapper)[pri:0, instance:dsAlgo_Runner.TestRunner@51dcb805]" started-at="2025-04-15T09:19:58 CDT" name="runScenario" description="Runs Cucumber Scenarios" data-provider="scenarios" finished-at="2025-04-15T09:19:59 CDT" duration-ms="402" status="PASS">
          <params>
            <param index="0">
              <value>
                <![CDATA["Verify that user is able to navigate to "Practice Questions" page"]]>
              </value>
            </param>
            <param index="1">
              <value>
                <![CDATA["Testing whether the user is navigating to Linked List Page and perform actions"]]>
              </value>
            </param>
          </params>
          <reporter-output>
          </reporter-output>
        </test-method> <!-- runScenario -->
        <test-method signature="runScenario(io.cucumber.testng.PickleWrapper,io.cucumber.testng.FeatureWrapper)[pri:0, instance:dsAlgo_Runner.TestRunner@51dcb805]" started-at="2025-04-15T09:19:59 CDT" name="runScenario" description="Runs Cucumber Scenarios" data-provider="scenarios" finished-at="2025-04-15T09:19:59 CDT" duration-ms="844" status="PASS">
          <params>
            <param index="0">
              <value>
                <![CDATA["Verify that user is able to navigate to "try Editor" page"]]>
              </value>
            </param>
            <param index="1">
              <value>
                <![CDATA["Testing whether the user is navigating to Linked List Page and perform actions"]]>
              </value>
            </param>
          </params>
          <reporter-output>
          </reporter-output>
        </test-method> <!-- runScenario -->
        <test-method signature="runScenario(io.cucumber.testng.PickleWrapper,io.cucumber.testng.FeatureWrapper)[pri:0, instance:dsAlgo_Runner.TestRunner@51dcb805]" started-at="2025-04-15T09:19:59 CDT" name="runScenario" description="Runs Cucumber Scenarios" data-provider="scenarios" finished-at="2025-04-15T09:20:00 CDT" duration-ms="198" status="PASS">
          <params>
            <param index="0">
              <value>
                <![CDATA["Verify that user receives error when click on Run button without entering code"]]>
              </value>
            </param>
            <param index="1">
              <value>
                <![CDATA["Testing whether the user is navigating to Linked List Page and perform actions"]]>
              </value>
            </param>
          </params>
          <reporter-output>
          </reporter-output>
        </test-method> <!-- runScenario -->
        <test-method signature="runScenario(io.cucumber.testng.PickleWrapper,io.cucumber.testng.FeatureWrapper)[pri:0, instance:dsAlgo_Runner.TestRunner@51dcb805]" started-at="2025-04-15T09:20:00 CDT" name="runScenario" description="Runs Cucumber Scenarios" data-provider="scenarios" finished-at="2025-04-15T09:20:00 CDT" duration-ms="733" status="PASS">
          <params>
            <param index="0">
              <value>
                <![CDATA["Verify that user receives error for invalid python code"]]>
              </value>
            </param>
            <param index="1">
              <value>
                <![CDATA["Testing whether the user is navigating to Linked List Page and perform actions"]]>
              </value>
            </param>
          </params>
          <reporter-output>
          </reporter-output>
        </test-method> <!-- runScenario -->
        <test-method signature="runScenario(io.cucumber.testng.PickleWrapper,io.cucumber.testng.FeatureWrapper)[pri:0, instance:dsAlgo_Runner.TestRunner@51dcb805]" started-at="2025-04-15T09:20:00 CDT" name="runScenario" description="Runs Cucumber Scenarios" data-provider="scenarios" finished-at="2025-04-15T09:20:02 CDT" duration-ms="1130" status="PASS">
          <params>
            <param index="0">
              <value>
                <![CDATA["Verify that user is able to see output for valid python code"]]>
              </value>
            </param>
            <param index="1">
              <value>
                <![CDATA["Testing whether the user is navigating to Linked List Page and perform actions"]]>
              </value>
            </param>
          </params>
          <reporter-output>
          </reporter-output>
        </test-method> <!-- runScenario -->
        <test-method signature="runScenario(io.cucumber.testng.PickleWrapper,io.cucumber.testng.FeatureWrapper)[pri:0, instance:dsAlgo_Runner.TestRunner@51dcb805]" started-at="2025-04-15T09:20:02 CDT" name="runScenario" description="Runs Cucumber Scenarios" data-provider="scenarios" finished-at="2025-04-15T09:20:02 CDT" duration-ms="772" status="PASS">
          <params>
            <param index="0">
              <value>
                <![CDATA["Verify that user is able to navigate to "Implement Linked List in phyton" page"]]>
              </value>
            </param>
            <param index="1">
              <value>
                <![CDATA["Testing whether the user is navigating to Linked List Page and perform actions"]]>
              </value>
            </param>
          </params>
          <reporter-output>
          </reporter-output>
        </test-method> <!-- runScenario -->
        <test-method signature="runScenario(io.cucumber.testng.PickleWrapper,io.cucumber.testng.FeatureWrapper)[pri:0, instance:dsAlgo_Runner.TestRunner@51dcb805]" started-at="2025-04-15T09:20:02 CDT" name="runScenario" description="Runs Cucumber Scenarios" data-provider="scenarios" finished-at="2025-04-15T09:20:03 CDT" duration-ms="470" status="PASS">
          <params>
            <param index="0">
              <value>
                <![CDATA["Verify that user is able to navigate to "Practice Questions" page"]]>
              </value>
            </param>
            <param index="1">
              <value>
                <![CDATA["Testing whether the user is navigating to Linked List Page and perform actions"]]>
              </value>
            </param>
          </params>
          <reporter-output>
          </reporter-output>
        </test-method> <!-- runScenario -->
        <test-method signature="runScenario(io.cucumber.testng.PickleWrapper,io.cucumber.testng.FeatureWrapper)[pri:0, instance:dsAlgo_Runner.TestRunner@51dcb805]" started-at="2025-04-15T09:20:03 CDT" name="runScenario" description="Runs Cucumber Scenarios" data-provider="scenarios" finished-at="2025-04-15T09:20:04 CDT" duration-ms="757" status="PASS">
          <params>
            <param index="0">
              <value>
                <![CDATA["Verify that user is able to navigate to "try Editor" page"]]>
              </value>
            </param>
            <param index="1">
              <value>
                <![CDATA["Testing whether the user is navigating to Linked List Page and perform actions"]]>
              </value>
            </param>
          </params>
          <reporter-output>
          </reporter-output>
        </test-method> <!-- runScenario -->
        <test-method signature="runScenario(io.cucumber.testng.PickleWrapper,io.cucumber.testng.FeatureWrapper)[pri:0, instance:dsAlgo_Runner.TestRunner@51dcb805]" started-at="2025-04-15T09:20:04 CDT" name="runScenario" description="Runs Cucumber Scenarios" data-provider="scenarios" finished-at="2025-04-15T09:20:04 CDT" duration-ms="191" status="PASS">
          <params>
            <param index="0">
              <value>
                <![CDATA["Verify that user receives error when click on Run button without entering code"]]>
              </value>
            </param>
            <param index="1">
              <value>
                <![CDATA["Testing whether the user is navigating to Linked List Page and perform actions"]]>
              </value>
            </param>
          </params>
          <reporter-output>
          </reporter-output>
        </test-method> <!-- runScenario -->
        <test-method signature="runScenario(io.cucumber.testng.PickleWrapper,io.cucumber.testng.FeatureWrapper)[pri:0, instance:dsAlgo_Runner.TestRunner@51dcb805]" started-at="2025-04-15T09:20:04 CDT" name="runScenario" description="Runs Cucumber Scenarios" data-provider="scenarios" finished-at="2025-04-15T09:20:05 CDT" duration-ms="847" status="PASS">
          <params>
            <param index="0">
              <value>
                <![CDATA["Verify that user receives error for invalid python code"]]>
              </value>
            </param>
            <param index="1">
              <value>
                <![CDATA["Testing whether the user is navigating to Linked List Page and perform actions"]]>
              </value>
            </param>
          </params>
          <reporter-output>
          </reporter-output>
        </test-method> <!-- runScenario -->
        <test-method signature="runScenario(io.cucumber.testng.PickleWrapper,io.cucumber.testng.FeatureWrapper)[pri:0, instance:dsAlgo_Runner.TestRunner@51dcb805]" started-at="2025-04-15T09:20:05 CDT" name="runScenario" description="Runs Cucumber Scenarios" data-provider="scenarios" finished-at="2025-04-15T09:20:06 CDT" duration-ms="1205" status="PASS">
          <params>
            <param index="0">
              <value>
                <![CDATA["Verify that user is able to see output for valid python code"]]>
              </value>
            </param>
            <param index="1">
              <value>
                <![CDATA["Testing whether the user is navigating to Linked List Page and perform actions"]]>
              </value>
            </param>
          </params>
          <reporter-output>
          </reporter-output>
        </test-method> <!-- runScenario -->
        <test-method signature="runScenario(io.cucumber.testng.PickleWrapper,io.cucumber.testng.FeatureWrapper)[pri:0, instance:dsAlgo_Runner.TestRunner@51dcb805]" started-at="2025-04-15T09:20:06 CDT" name="runScenario" description="Runs Cucumber Scenarios" data-provider="scenarios" finished-at="2025-04-15T09:20:07 CDT" duration-ms="779" status="PASS">
          <params>
            <param index="0">
              <value>
                <![CDATA["Verify that user is able to navigate to "Traversal" page"]]>
              </value>
            </param>
            <param index="1">
              <value>
                <![CDATA["Testing whether the user is navigating to Linked List Page and perform actions"]]>
              </value>
            </param>
          </params>
          <reporter-output>
          </reporter-output>
        </test-method> <!-- runScenario -->
        <test-method signature="runScenario(io.cucumber.testng.PickleWrapper,io.cucumber.testng.FeatureWrapper)[pri:0, instance:dsAlgo_Runner.TestRunner@51dcb805]" started-at="2025-04-15T09:20:07 CDT" name="runScenario" description="Runs Cucumber Scenarios" data-provider="scenarios" finished-at="2025-04-15T09:20:07 CDT" duration-ms="459" status="PASS">
          <params>
            <param index="0">
              <value>
                <![CDATA["Verify that user is able to navigate to "Practice Questions" page"]]>
              </value>
            </param>
            <param index="1">
              <value>
                <![CDATA["Testing whether the user is navigating to Linked List Page and perform actions"]]>
              </value>
            </param>
          </params>
          <reporter-output>
          </reporter-output>
        </test-method> <!-- runScenario -->
        <test-method signature="runScenario(io.cucumber.testng.PickleWrapper,io.cucumber.testng.FeatureWrapper)[pri:0, instance:dsAlgo_Runner.TestRunner@51dcb805]" started-at="2025-04-15T09:20:07 CDT" name="runScenario" description="Runs Cucumber Scenarios" data-provider="scenarios" finished-at="2025-04-15T09:20:08 CDT" duration-ms="716" status="PASS">
          <params>
            <param index="0">
              <value>
                <![CDATA["Verify that user is able to navigate to "try Editor" page"]]>
              </value>
            </param>
            <param index="1">
              <value>
                <![CDATA["Testing whether the user is navigating to Linked List Page and perform actions"]]>
              </value>
            </param>
          </params>
          <reporter-output>
          </reporter-output>
        </test-method> <!-- runScenario -->
        <test-method signature="runScenario(io.cucumber.testng.PickleWrapper,io.cucumber.testng.FeatureWrapper)[pri:0, instance:dsAlgo_Runner.TestRunner@51dcb805]" started-at="2025-04-15T09:20:08 CDT" name="runScenario" description="Runs Cucumber Scenarios" data-provider="scenarios" finished-at="2025-04-15T09:20:08 CDT" duration-ms="205" status="PASS">
          <params>
            <param index="0">
              <value>
                <![CDATA["Verify that user receives error when click on Run button without entering code"]]>
              </value>
            </param>
            <param index="1">
              <value>
                <![CDATA["Testing whether the user is navigating to Linked List Page and perform actions"]]>
              </value>
            </param>
          </params>
          <reporter-output>
          </reporter-output>
        </test-method> <!-- runScenario -->
        <test-method signature="runScenario(io.cucumber.testng.PickleWrapper,io.cucumber.testng.FeatureWrapper)[pri:0, instance:dsAlgo_Runner.TestRunner@51dcb805]" started-at="2025-04-15T09:20:08 CDT" name="runScenario" description="Runs Cucumber Scenarios" data-provider="scenarios" finished-at="2025-04-15T09:20:09 CDT" duration-ms="883" status="PASS">
          <params>
            <param index="0">
              <value>
                <![CDATA["Verify that user receives error for invalid python code"]]>
              </value>
            </param>
            <param index="1">
              <value>
                <![CDATA["Testing whether the user is navigating to Linked List Page and perform actions"]]>
              </value>
            </param>
          </params>
          <reporter-output>
          </reporter-output>
        </test-method> <!-- runScenario -->
        <test-method signature="runScenario(io.cucumber.testng.PickleWrapper,io.cucumber.testng.FeatureWrapper)[pri:0, instance:dsAlgo_Runner.TestRunner@51dcb805]" started-at="2025-04-15T09:20:09 CDT" name="runScenario" description="Runs Cucumber Scenarios" data-provider="scenarios" finished-at="2025-04-15T09:20:10 CDT" duration-ms="1155" status="PASS">
          <params>
            <param index="0">
              <value>
                <![CDATA["Verify that user is able to see output for valid python code"]]>
              </value>
            </param>
            <param index="1">
              <value>
                <![CDATA["Testing whether the user is navigating to Linked List Page and perform actions"]]>
              </value>
            </param>
          </params>
          <reporter-output>
          </reporter-output>
        </test-method> <!-- runScenario -->
        <test-method signature="runScenario(io.cucumber.testng.PickleWrapper,io.cucumber.testng.FeatureWrapper)[pri:0, instance:dsAlgo_Runner.TestRunner@51dcb805]" started-at="2025-04-15T09:20:10 CDT" name="runScenario" description="Runs Cucumber Scenarios" data-provider="scenarios" finished-at="2025-04-15T09:20:11 CDT" duration-ms="797" status="PASS">
          <params>
            <param index="0">
              <value>
                <![CDATA["Verify that user is able to navigate to "Insertion" page"]]>
              </value>
            </param>
            <param index="1">
              <value>
                <![CDATA["Testing whether the user is navigating to Linked List Page and perform actions"]]>
              </value>
            </param>
          </params>
          <reporter-output>
          </reporter-output>
        </test-method> <!-- runScenario -->
        <test-method signature="runScenario(io.cucumber.testng.PickleWrapper,io.cucumber.testng.FeatureWrapper)[pri:0, instance:dsAlgo_Runner.TestRunner@51dcb805]" started-at="2025-04-15T09:20:11 CDT" name="runScenario" description="Runs Cucumber Scenarios" data-provider="scenarios" finished-at="2025-04-15T09:20:11 CDT" duration-ms="422" status="PASS">
          <params>
            <param index="0">
              <value>
                <![CDATA["Verify that user is able to navigate to "Practice Questions" page"]]>
              </value>
            </param>
            <param index="1">
              <value>
                <![CDATA["Testing whether the user is navigating to Linked List Page and perform actions"]]>
              </value>
            </param>
          </params>
          <reporter-output>
          </reporter-output>
        </test-method> <!-- runScenario -->
        <test-method signature="runScenario(io.cucumber.testng.PickleWrapper,io.cucumber.testng.FeatureWrapper)[pri:0, instance:dsAlgo_Runner.TestRunner@51dcb805]" started-at="2025-04-15T09:20:11 CDT" name="runScenario" description="Runs Cucumber Scenarios" data-provider="scenarios" finished-at="2025-04-15T09:20:12 CDT" duration-ms="834" status="PASS">
          <params>
            <param index="0">
              <value>
                <![CDATA["Verify that user is able to navigate to "try Editor" page"]]>
              </value>
            </param>
            <param index="1">
              <value>
                <![CDATA["Testing whether the user is navigating to Linked List Page and perform actions"]]>
              </value>
            </param>
          </params>
          <reporter-output>
          </reporter-output>
        </test-method> <!-- runScenario -->
        <test-method signature="runScenario(io.cucumber.testng.PickleWrapper,io.cucumber.testng.FeatureWrapper)[pri:0, instance:dsAlgo_Runner.TestRunner@51dcb805]" started-at="2025-04-15T09:20:12 CDT" name="runScenario" description="Runs Cucumber Scenarios" data-provider="scenarios" finished-at="2025-04-15T09:20:12 CDT" duration-ms="230" status="PASS">
          <params>
            <param index="0">
              <value>
                <![CDATA["Verify that user receives error when click on Run button without entering code"]]>
              </value>
            </param>
            <param index="1">
              <value>
                <![CDATA["Testing whether the user is navigating to Linked List Page and perform actions"]]>
              </value>
            </param>
          </params>
          <reporter-output>
          </reporter-output>
        </test-method> <!-- runScenario -->
        <test-method signature="runScenario(io.cucumber.testng.PickleWrapper,io.cucumber.testng.FeatureWrapper)[pri:0, instance:dsAlgo_Runner.TestRunner@51dcb805]" started-at="2025-04-15T09:20:12 CDT" name="runScenario" description="Runs Cucumber Scenarios" data-provider="scenarios" finished-at="2025-04-15T09:20:13 CDT" duration-ms="866" status="PASS">
          <params>
            <param index="0">
              <value>
                <![CDATA["Verify that user receives error for invalid python code"]]>
              </value>
            </param>
            <param index="1">
              <value>
                <![CDATA["Testing whether the user is navigating to Linked List Page and perform actions"]]>
              </value>
            </param>
          </params>
          <reporter-output>
          </reporter-output>
        </test-method> <!-- runScenario -->
        <test-method signature="runScenario(io.cucumber.testng.PickleWrapper,io.cucumber.testng.FeatureWrapper)[pri:0, instance:dsAlgo_Runner.TestRunner@51dcb805]" started-at="2025-04-15T09:20:13 CDT" name="runScenario" description="Runs Cucumber Scenarios" data-provider="scenarios" finished-at="2025-04-15T09:20:14 CDT" duration-ms="1188" status="PASS">
          <params>
            <param index="0">
              <value>
                <![CDATA["Verify that user is able to see output for valid python code"]]>
              </value>
            </param>
            <param index="1">
              <value>
                <![CDATA["Testing whether the user is navigating to Linked List Page and perform actions"]]>
              </value>
            </param>
          </params>
          <reporter-output>
          </reporter-output>
        </test-method> <!-- runScenario -->
        <test-method signature="runScenario(io.cucumber.testng.PickleWrapper,io.cucumber.testng.FeatureWrapper)[pri:0, instance:dsAlgo_Runner.TestRunner@51dcb805]" started-at="2025-04-15T09:20:14 CDT" name="runScenario" description="Runs Cucumber Scenarios" data-provider="scenarios" finished-at="2025-04-15T09:20:15 CDT" duration-ms="758" status="PASS">
          <params>
            <param index="0">
              <value>
                <![CDATA["Verify that user is able to navigate to "Deletion" page"]]>
              </value>
            </param>
            <param index="1">
              <value>
                <![CDATA["Testing whether the user is navigating to Linked List Page and perform actions"]]>
              </value>
            </param>
          </params>
          <reporter-output>
          </reporter-output>
        </test-method> <!-- runScenario -->
        <test-method signature="runScenario(io.cucumber.testng.PickleWrapper,io.cucumber.testng.FeatureWrapper)[pri:0, instance:dsAlgo_Runner.TestRunner@51dcb805]" started-at="2025-04-15T09:20:15 CDT" name="runScenario" description="Runs Cucumber Scenarios" data-provider="scenarios" finished-at="2025-04-15T09:20:16 CDT" duration-ms="437" status="PASS">
          <params>
            <param index="0">
              <value>
                <![CDATA["Verify that user is able to navigate to "Practice Questions" page"]]>
              </value>
            </param>
            <param index="1">
              <value>
                <![CDATA["Testing whether the user is navigating to Linked List Page and perform actions"]]>
              </value>
            </param>
          </params>
          <reporter-output>
          </reporter-output>
        </test-method> <!-- runScenario -->
        <test-method signature="runScenario(io.cucumber.testng.PickleWrapper,io.cucumber.testng.FeatureWrapper)[pri:0, instance:dsAlgo_Runner.TestRunner@51dcb805]" started-at="2025-04-15T09:20:16 CDT" name="runScenario" description="Runs Cucumber Scenarios" data-provider="scenarios" finished-at="2025-04-15T09:20:16 CDT" duration-ms="810" status="PASS">
          <params>
            <param index="0">
              <value>
                <![CDATA["Verify that user is able to navigate to "try Editor" page"]]>
              </value>
            </param>
            <param index="1">
              <value>
                <![CDATA["Testing whether the user is navigating to Linked List Page and perform actions"]]>
              </value>
            </param>
          </params>
          <reporter-output>
          </reporter-output>
        </test-method> <!-- runScenario -->
        <test-method signature="runScenario(io.cucumber.testng.PickleWrapper,io.cucumber.testng.FeatureWrapper)[pri:0, instance:dsAlgo_Runner.TestRunner@51dcb805]" started-at="2025-04-15T09:20:16 CDT" name="runScenario" description="Runs Cucumber Scenarios" data-provider="scenarios" finished-at="2025-04-15T09:20:17 CDT" duration-ms="218" status="PASS">
          <params>
            <param index="0">
              <value>
                <![CDATA["Verify that user receives error"]]>
              </value>
            </param>
            <param index="1">
              <value>
                <![CDATA["Testing whether the user is navigating to Linked List Page and perform actions"]]>
              </value>
            </param>
          </params>
          <reporter-output>
          </reporter-output>
        </test-method> <!-- runScenario -->
        <test-method signature="runScenario(io.cucumber.testng.PickleWrapper,io.cucumber.testng.FeatureWrapper)[pri:0, instance:dsAlgo_Runner.TestRunner@51dcb805]" started-at="2025-04-15T09:20:17 CDT" name="runScenario" description="Runs Cucumber Scenarios" data-provider="scenarios" finished-at="2025-04-15T09:20:17 CDT" duration-ms="899" status="PASS">
          <params>
            <param index="0">
              <value>
                <![CDATA["Verify that user receives error for invalid python code"]]>
              </value>
            </param>
            <param index="1">
              <value>
                <![CDATA["Testing whether the user is navigating to Linked List Page and perform actions"]]>
              </value>
            </param>
          </params>
          <reporter-output>
          </reporter-output>
        </test-method> <!-- runScenario -->
        <test-method signature="runScenario(io.cucumber.testng.PickleWrapper,io.cucumber.testng.FeatureWrapper)[pri:0, instance:dsAlgo_Runner.TestRunner@51dcb805]" started-at="2025-04-15T09:20:17 CDT" name="runScenario" description="Runs Cucumber Scenarios" data-provider="scenarios" finished-at="2025-04-15T09:20:19 CDT" duration-ms="1141" status="PASS">
          <params>
            <param index="0">
              <value>
                <![CDATA["Verify that user is able to see output for valid python code"]]>
              </value>
            </param>
            <param index="1">
              <value>
                <![CDATA["Testing whether the user is navigating to Linked List Page and perform actions"]]>
              </value>
            </param>
          </params>
          <reporter-output>
          </reporter-output>
        </test-method> <!-- runScenario -->
        <test-method signature="runScenario(io.cucumber.testng.PickleWrapper,io.cucumber.testng.FeatureWrapper)[pri:0, instance:dsAlgo_Runner.TestRunner@51dcb805]" started-at="2025-04-15T09:20:19 CDT" name="runScenario" description="Runs Cucumber Scenarios" data-provider="scenarios" finished-at="2025-04-15T09:20:19 CDT" duration-ms="713" status="PASS">
          <params>
            <param index="0">
              <value>
                <![CDATA["Verify that user is able to navigate to "Graph" data structure page"]]>
              </value>
            </param>
            <param index="1">
              <value>
                <![CDATA["Testing whether the user is navigating to Graph Page and perform actions"]]>
              </value>
            </param>
          </params>
          <reporter-output>
          </reporter-output>
        </test-method> <!-- runScenario -->
        <test-method signature="runScenario(io.cucumber.testng.PickleWrapper,io.cucumber.testng.FeatureWrapper)[pri:0, instance:dsAlgo_Runner.TestRunner@51dcb805]" started-at="2025-04-15T09:20:19 CDT" name="runScenario" description="Runs Cucumber Scenarios" data-provider="scenarios" finished-at="2025-04-15T09:20:20 CDT" duration-ms="728" status="PASS">
          <params>
            <param index="0">
              <value>
                <![CDATA["Verify that user is able to navigate to "Graph" page"]]>
              </value>
            </param>
            <param index="1">
              <value>
                <![CDATA["Testing whether the user is navigating to Graph Page and perform actions"]]>
              </value>
            </param>
          </params>
          <reporter-output>
          </reporter-output>
        </test-method> <!-- runScenario -->
        <test-method signature="runScenario(io.cucumber.testng.PickleWrapper,io.cucumber.testng.FeatureWrapper)[pri:0, instance:dsAlgo_Runner.TestRunner@51dcb805]" started-at="2025-04-15T09:20:20 CDT" name="runScenario" description="Runs Cucumber Scenarios" data-provider="scenarios" finished-at="2025-04-15T09:20:21 CDT" duration-ms="526" status="PASS">
          <params>
            <param index="0">
              <value>
                <![CDATA["Verify that user is able to navigate to "try Editor" page for "Graph" page"]]>
              </value>
            </param>
            <param index="1">
              <value>
                <![CDATA["Testing whether the user is navigating to Graph Page and perform actions"]]>
              </value>
            </param>
          </params>
          <reporter-output>
          </reporter-output>
        </test-method> <!-- runScenario -->
        <test-method signature="runScenario(io.cucumber.testng.PickleWrapper,io.cucumber.testng.FeatureWrapper)[pri:0, instance:dsAlgo_Runner.TestRunner@51dcb805]" started-at="2025-04-15T09:20:21 CDT" name="runScenario" description="Runs Cucumber Scenarios" data-provider="scenarios" finished-at="2025-04-15T09:20:21 CDT" duration-ms="231" status="PASS">
          <params>
            <param index="0">
              <value>
                <![CDATA["Verify that user receives error when click on Run button without entering code for "Graph" page"]]>
              </value>
            </param>
            <param index="1">
              <value>
                <![CDATA["Testing whether the user is navigating to Graph Page and perform actions"]]>
              </value>
            </param>
          </params>
          <reporter-output>
          </reporter-output>
        </test-method> <!-- runScenario -->
        <test-method signature="runScenario(io.cucumber.testng.PickleWrapper,io.cucumber.testng.FeatureWrapper)[pri:0, instance:dsAlgo_Runner.TestRunner@51dcb805]" started-at="2025-04-15T09:20:21 CDT" name="runScenario" description="Runs Cucumber Scenarios" data-provider="scenarios" finished-at="2025-04-15T09:20:22 CDT" duration-ms="888" status="PASS">
          <params>
            <param index="0">
              <value>
                <![CDATA["Verify that user receives error for invalid python code for "Graph" page"]]>
              </value>
            </param>
            <param index="1">
              <value>
                <![CDATA["Testing whether the user is navigating to Graph Page and perform actions"]]>
              </value>
            </param>
          </params>
          <reporter-output>
          </reporter-output>
        </test-method> <!-- runScenario -->
        <test-method signature="runScenario(io.cucumber.testng.PickleWrapper,io.cucumber.testng.FeatureWrapper)[pri:0, instance:dsAlgo_Runner.TestRunner@51dcb805]" started-at="2025-04-15T09:20:22 CDT" name="runScenario" description="Runs Cucumber Scenarios" data-provider="scenarios" finished-at="2025-04-15T09:20:23 CDT" duration-ms="1072" status="PASS">
          <params>
            <param index="0">
              <value>
                <![CDATA["Verify that user is able to see output for valid python code for "Graph" page"]]>
              </value>
            </param>
            <param index="1">
              <value>
                <![CDATA["Testing whether the user is navigating to Graph Page and perform actions"]]>
              </value>
            </param>
          </params>
          <reporter-output>
          </reporter-output>
        </test-method> <!-- runScenario -->
        <test-method signature="runScenario(io.cucumber.testng.PickleWrapper,io.cucumber.testng.FeatureWrapper)[pri:0, instance:dsAlgo_Runner.TestRunner@51dcb805]" started-at="2025-04-15T09:20:23 CDT" name="runScenario" description="Runs Cucumber Scenarios" data-provider="scenarios" finished-at="2025-04-15T09:20:23 CDT" duration-ms="659" status="PASS">
          <params>
            <param index="0">
              <value>
                <![CDATA["Verify that user able to navigate the practice question page"]]>
              </value>
            </param>
            <param index="1">
              <value>
                <![CDATA["Testing whether the user is navigating to Graph Page and perform actions"]]>
              </value>
            </param>
          </params>
          <reporter-output>
          </reporter-output>
        </test-method> <!-- runScenario -->
        <test-method signature="runScenario(io.cucumber.testng.PickleWrapper,io.cucumber.testng.FeatureWrapper)[pri:0, instance:dsAlgo_Runner.TestRunner@51dcb805]" started-at="2025-04-15T09:20:23 CDT" name="runScenario" description="Runs Cucumber Scenarios" data-provider="scenarios" finished-at="2025-04-15T09:20:24 CDT" duration-ms="823" status="PASS">
          <params>
            <param index="0">
              <value>
                <![CDATA["Verify that user is able to navigate to "Graph Representations" page"]]>
              </value>
            </param>
            <param index="1">
              <value>
                <![CDATA["Testing whether the user is navigating to Graph Page and perform actions"]]>
              </value>
            </param>
          </params>
          <reporter-output>
          </reporter-output>
        </test-method> <!-- runScenario -->
        <test-method signature="runScenario(io.cucumber.testng.PickleWrapper,io.cucumber.testng.FeatureWrapper)[pri:0, instance:dsAlgo_Runner.TestRunner@51dcb805]" started-at="2025-04-15T09:20:24 CDT" name="runScenario" description="Runs Cucumber Scenarios" data-provider="scenarios" finished-at="2025-04-15T09:20:25 CDT" duration-ms="499" status="PASS">
          <params>
            <param index="0">
              <value>
                <![CDATA["Verify that user is able to navigate to "try Editor" page for "Graph" page"]]>
              </value>
            </param>
            <param index="1">
              <value>
                <![CDATA["Testing whether the user is navigating to Graph Page and perform actions"]]>
              </value>
            </param>
          </params>
          <reporter-output>
          </reporter-output>
        </test-method> <!-- runScenario -->
        <test-method signature="runScenario(io.cucumber.testng.PickleWrapper,io.cucumber.testng.FeatureWrapper)[pri:0, instance:dsAlgo_Runner.TestRunner@51dcb805]" started-at="2025-04-15T09:20:25 CDT" name="runScenario" description="Runs Cucumber Scenarios" data-provider="scenarios" finished-at="2025-04-15T09:20:25 CDT" duration-ms="208" status="PASS">
          <params>
            <param index="0">
              <value>
                <![CDATA["Verify that user receives error when click on Run button without entering code for "Graph Representations" page"]]>
              </value>
            </param>
            <param index="1">
              <value>
                <![CDATA["Testing whether the user is navigating to Graph Page and perform actions"]]>
              </value>
            </param>
          </params>
          <reporter-output>
          </reporter-output>
        </test-method> <!-- runScenario -->
        <test-method signature="runScenario(io.cucumber.testng.PickleWrapper,io.cucumber.testng.FeatureWrapper)[pri:0, instance:dsAlgo_Runner.TestRunner@51dcb805]" started-at="2025-04-15T09:20:25 CDT" name="runScenario" description="Runs Cucumber Scenarios" data-provider="scenarios" finished-at="2025-04-15T09:20:26 CDT" duration-ms="899" status="PASS">
          <params>
            <param index="0">
              <value>
                <![CDATA["Verify that user receives error for invalid python code for "Graph Representations" page"]]>
              </value>
            </param>
            <param index="1">
              <value>
                <![CDATA["Testing whether the user is navigating to Graph Page and perform actions"]]>
              </value>
            </param>
          </params>
          <reporter-output>
          </reporter-output>
        </test-method> <!-- runScenario -->
        <test-method signature="runScenario(io.cucumber.testng.PickleWrapper,io.cucumber.testng.FeatureWrapper)[pri:0, instance:dsAlgo_Runner.TestRunner@51dcb805]" started-at="2025-04-15T09:20:26 CDT" name="runScenario" description="Runs Cucumber Scenarios" data-provider="scenarios" finished-at="2025-04-15T09:20:27 CDT" duration-ms="1032" status="PASS">
          <params>
            <param index="0">
              <value>
                <![CDATA["Verify that user is able to see output for valid python code for "Graph Representations" page"]]>
              </value>
            </param>
            <param index="1">
              <value>
                <![CDATA["Testing whether the user is navigating to Graph Page and perform actions"]]>
              </value>
            </param>
          </params>
          <reporter-output>
          </reporter-output>
        </test-method> <!-- runScenario -->
        <test-method signature="runScenario(io.cucumber.testng.PickleWrapper,io.cucumber.testng.FeatureWrapper)[pri:0, instance:dsAlgo_Runner.TestRunner@51dcb805]" started-at="2025-04-15T09:20:27 CDT" name="runScenario" description="Runs Cucumber Scenarios" data-provider="scenarios" finished-at="2025-04-15T09:20:28 CDT" duration-ms="589" status="PASS">
          <params>
            <param index="0">
              <value>
                <![CDATA["Verify that user able to navigate the practice question page"]]>
              </value>
            </param>
            <param index="1">
              <value>
                <![CDATA["Testing whether the user is navigating to Graph Page and perform actions"]]>
              </value>
            </param>
          </params>
          <reporter-output>
          </reporter-output>
        </test-method> <!-- runScenario -->
        <test-method is-config="true" signature="tearDownClass()[pri:0, instance:dsAlgo_Runner.TestRunner@51dcb805]" started-at="2025-04-15T09:20:28 CDT" name="tearDownClass" finished-at="2025-04-15T09:20:42 CDT" duration-ms="14270" status="PASS">
          <reporter-output>
          </reporter-output>
        </test-method> <!-- tearDownClass -->
        <test-method is-config="true" signature="teardown()[pri:0, instance:dsAlgo_Runner.TestRunner@51dcb805]" started-at="2025-04-15T09:20:42 CDT" name="teardown" finished-at="2025-04-15T09:20:42 CDT" duration-ms="346" status="PASS">
          <reporter-output>
          </reporter-output>
        </test-method> <!-- teardown -->
      </class> <!-- dsAlgo_Runner.TestRunner -->
    </test> <!-- Default test -->
  </suite> <!-- Default suite -->
</testng-results>
